<?xml version="1.0" encoding="UTF-8"?>
<testng-results ignored="0" total="1" passed="1" failed="0" skipped="0">
  <reporter-output>
  </reporter-output>
  <suite started-at="2023-05-17T12:44:47 IST" name="Default suite" finished-at="2023-05-17T12:45:06 IST" duration-ms="19117">
    <groups>
    </groups>
    <test started-at="2023-05-17T12:44:47 IST" name="Default test" finished-at="2023-05-17T12:45:06 IST" duration-ms="19117">
      <class name="Actitime.testScript.CreateCustomerTest">
        <test-method is-config="true" signature="launchBrowser()[pri:0, instance:Actitime.testScript.CreateCustomerTest@293a5bf6]" started-at="2023-05-17T12:44:47 IST" name="launchBrowser" finished-at="2023-05-17T12:44:52 IST" duration-ms="4261" status="PASS">
          <reporter-output>
          </reporter-output>
        </test-method> <!-- launchBrowser -->
        <test-method is-config="true" signature="login()[pri:0, instance:Actitime.testScript.CreateCustomerTest@293a5bf6]" started-at="2023-05-17T12:44:52 IST" name="login" finished-at="2023-05-17T12:44:58 IST" duration-ms="6117" status="PASS">
          <reporter-output>
          </reporter-output>
        </test-method> <!-- login -->
        <test-method signature="customerCreate()[pri:0, instance:Actitime.testScript.CreateCustomerTest@293a5bf6]" started-at="2023-05-17T12:44:58 IST" name="customerCreate" finished-at="2023-05-17T12:45:04 IST" duration-ms="6758" status="PASS">
          <reporter-output>
          </reporter-output>
        </test-method> <!-- customerCreate -->
        <test-method is-config="true" signature="logout()[pri:0, instance:Actitime.testScript.CreateCustomerTest@293a5bf6]" started-at="2023-05-17T12:45:04 IST" name="logout" finished-at="2023-05-17T12:45:06 IST" duration-ms="1795" status="PASS">
          <reporter-output>
          </reporter-output>
        </test-method> <!-- logout -->
        <test-method is-config="true" signature="closeBrowser()[pri:0, instance:Actitime.testScript.CreateCustomerTest@293a5bf6]" started-at="2023-05-17T12:45:06 IST" name="closeBrowser" finished-at="2023-05-17T12:45:06 IST" duration-ms="150" status="PASS">
          <reporter-output>
          </reporter-output>
        </test-method> <!-- closeBrowser -->
      </class> <!-- Actitime.testScript.CreateCustomerTest -->
    </test> <!-- Default test -->
  </suite> <!-- Default suite -->
</testng-results>
